{"/Users/bizzyindonesia/workspace/sourcecode/jscode/node-tdd/models/todo.model.js":{"path":"/Users/bizzyindonesia/workspace/sourcecode/jscode/node-tdd/models/todo.model.js","s":{"1":1,"2":1,"3":1,"4":1,"5":0,"6":0,"7":0,"8":1,"9":1},"b":{"1":[0,0]},"f":{"1":0},"fnMap":{"1":{"name":"(anonymous_1)","line":12,"loc":{"start":{"line":12,"column":23},"end":{"line":12,"column":44}}}},"statementMap":{"1":{"start":{"line":1,"column":0},"end":{"line":1,"column":35}},"2":{"start":{"line":2,"column":0},"end":{"line":2,"column":29}},"3":{"start":{"line":5,"column":0},"end":{"line":9,"column":3}},"4":{"start":{"line":12,"column":0},"end":{"line":17,"column":3}},"5":{"start":{"line":13,"column":1},"end":{"line":15,"column":2}},"6":{"start":{"line":14,"column":2},"end":{"line":14,"column":45}},"7":{"start":{"line":16,"column":3},"end":{"line":16,"column":10}},"8":{"start":{"line":19,"column":0},"end":{"line":19,"column":51}},"9":{"start":{"line":21,"column":0},"end":{"line":21,"column":27}}},"branchMap":{"1":{"line":13,"type":"if","locations":[{"start":{"line":13,"column":1},"end":{"line":13,"column":1}},{"start":{"line":13,"column":1},"end":{"line":13,"column":1}}]}}},"/Users/bizzyindonesia/workspace/sourcecode/jscode/node-tdd/controllers/todo.controller.js":{"path":"/Users/bizzyindonesia/workspace/sourcecode/jscode/node-tdd/controllers/todo.controller.js","s":{"1":1,"2":1,"3":1,"4":1,"5":1,"6":0,"7":0,"8":0,"9":0,"10":1,"11":0,"12":0,"13":0,"14":0,"15":0,"16":1,"17":0,"18":0,"19":0,"20":0,"21":0,"22":0,"23":0,"24":1,"25":0,"26":0,"27":0,"28":0,"29":1,"30":1},"b":{"1":[0,0],"2":[0,0],"3":[0,0],"4":[0,0]},"f":{"1":1,"2":1,"3":0,"4":0,"5":0,"6":0,"7":0,"8":0,"9":0,"10":0},"fnMap":{"1":{"name":"(anonymous_1)","line":3,"loc":{"start":{"line":3,"column":15},"end":{"line":3,"column":29}}},"2":{"name":"(anonymous_2)","line":7,"loc":{"start":{"line":7,"column":20},"end":{"line":7,"column":44}}},"3":{"name":"(anonymous_3)","line":9,"loc":{"start":{"line":9,"column":15},"end":{"line":9,"column":34}}},"4":{"name":"(anonymous_4)","line":18,"loc":{"start":{"line":18,"column":19},"end":{"line":18,"column":43}}},"5":{"name":"(anonymous_5)","line":19,"loc":{"start":{"line":19,"column":12},"end":{"line":19,"column":32}}},"6":{"name":"(anonymous_6)","line":28,"loc":{"start":{"line":28,"column":22},"end":{"line":28,"column":46}}},"7":{"name":"(anonymous_7)","line":30,"loc":{"start":{"line":30,"column":36},"end":{"line":30,"column":55}}},"8":{"name":"(anonymous_8)","line":32,"loc":{"start":{"line":32,"column":13},"end":{"line":32,"column":32}}},"9":{"name":"(anonymous_9)","line":41,"loc":{"start":{"line":41,"column":22},"end":{"line":41,"column":46}}},"10":{"name":"(anonymous_10)","line":42,"loc":{"start":{"line":42,"column":43},"end":{"line":42,"column":63}}}},"statementMap":{"1":{"start":{"line":3,"column":0},"end":{"line":51,"column":1}},"2":{"start":{"line":5,"column":1},"end":{"line":5,"column":18}},"3":{"start":{"line":7,"column":1},"end":{"line":16,"column":2}},"4":{"start":{"line":8,"column":2},"end":{"line":8,"column":35}},"5":{"start":{"line":9,"column":2},"end":{"line":15,"column":5}},"6":{"start":{"line":10,"column":3},"end":{"line":13,"column":4}},"7":{"start":{"line":11,"column":4},"end":{"line":11,"column":50}},"8":{"start":{"line":12,"column":4},"end":{"line":12,"column":11}},"9":{"start":{"line":14,"column":3},"end":{"line":14,"column":40}},"10":{"start":{"line":18,"column":1},"end":{"line":26,"column":2}},"11":{"start":{"line":19,"column":2},"end":{"line":25,"column":5}},"12":{"start":{"line":20,"column":3},"end":{"line":23,"column":4}},"13":{"start":{"line":21,"column":4},"end":{"line":21,"column":61}},"14":{"start":{"line":22,"column":4},"end":{"line":22,"column":10}},"15":{"start":{"line":24,"column":3},"end":{"line":24,"column":41}},"16":{"start":{"line":28,"column":1},"end":{"line":39,"column":2}},"17":{"start":{"line":29,"column":2},"end":{"line":29,"column":37}},"18":{"start":{"line":30,"column":2},"end":{"line":38,"column":5}},"19":{"start":{"line":31,"column":3},"end":{"line":31,"column":30}},"20":{"start":{"line":32,"column":3},"end":{"line":37,"column":6}},"21":{"start":{"line":33,"column":4},"end":{"line":35,"column":5}},"22":{"start":{"line":34,"column":5},"end":{"line":34,"column":60}},"23":{"start":{"line":36,"column":4},"end":{"line":36,"column":69}},"24":{"start":{"line":41,"column":1},"end":{"line":48,"column":2}},"25":{"start":{"line":42,"column":2},"end":{"line":47,"column":5}},"26":{"start":{"line":43,"column":3},"end":{"line":45,"column":4}},"27":{"start":{"line":44,"column":4},"end":{"line":44,"column":73}},"28":{"start":{"line":46,"column":3},"end":{"line":46,"column":66}},"29":{"start":{"line":50,"column":1},"end":{"line":50,"column":16}},"30":{"start":{"line":53,"column":0},"end":{"line":53,"column":26}}},"branchMap":{"1":{"line":10,"type":"if","locations":[{"start":{"line":10,"column":3},"end":{"line":10,"column":3}},{"start":{"line":10,"column":3},"end":{"line":10,"column":3}}]},"2":{"line":20,"type":"if","locations":[{"start":{"line":20,"column":3},"end":{"line":20,"column":3}},{"start":{"line":20,"column":3},"end":{"line":20,"column":3}}]},"3":{"line":33,"type":"if","locations":[{"start":{"line":33,"column":4},"end":{"line":33,"column":4}},{"start":{"line":33,"column":4},"end":{"line":33,"column":4}}]},"4":{"line":43,"type":"if","locations":[{"start":{"line":43,"column":3},"end":{"line":43,"column":3}},{"start":{"line":43,"column":3},"end":{"line":43,"column":3}}]}}}}